-- Basic checks
\set VERBOSITY terse
LOAD 'lolor';
SET lolor.node = 1;
CREATE EXTENSION lolor;
SELECT lo_creat(-1) AS loid \gset
SELECT lo_from_bytea(:loid, 'Example large object'); -- ERROR
ERROR:  duplicate key value violates unique constraint "pg_largeobject_metadata_pkey"
BEGIN;
SELECT lo_open(:loid, x'60000'::int) AS fd \gset
SELECT lowrite(:fd, 'Example large object');
 lowrite 
---------
      20
(1 row)

SELECT lo_close(:fd);
 lo_close 
----------
        0
(1 row)

END;
SELECT count(*) FROM pg_largeobject;
 count 
-------
     0
(1 row)

SELECT count(*) FROM lolor.pg_largeobject;
 count 
-------
     1
(1 row)

-- Check that the LO is accessible.
BEGIN;
SELECT lo_open(:loid, 262144) AS fd \gset
SELECT convert_from(loread(:fd, 1024), 'UTF8');
     convert_from     
----------------------
 Example large object
(1 row)

SELECT lo_close(:fd);
 lo_close 
----------
        0
(1 row)

END;
-- Force the oid change for the indexes
REINDEX INDEX CONCURRENTLY lolor.pg_largeobject_pkey;
REINDEX INDEX CONCURRENTLY lolor.pg_largeobject_metadata_pkey;
BEGIN;
SELECT lo_open(:loid, 262144) AS fd \gset
SELECT convert_from(loread(:fd, 1024), 'UTF8');
     convert_from     
----------------------
 Example large object
(1 row)

SELECT lo_close(:fd);
 lo_close 
----------
        0
(1 row)

END;
--
-- lo_lseek: seek to an offset, overwrite partial content, verify result.
-- Expected: first 15 chars unchanged, next 11 replaced by '<ADDEDDATA>',
-- trailing chars from original string preserved.
--
SELECT lo_creat(-1) AS loid \gset
BEGIN;
SELECT lo_open(:loid, x'60000'::int) AS fd \gset
SELECT lowrite(:fd, '0123456789abcdefghijklmnopqrstuvwxyz');
 lowrite 
---------
      36
(1 row)

SELECT lo_lseek(:fd, 15, 0);
 lo_lseek 
----------
       15
(1 row)

SELECT lowrite(:fd, '<ADDEDDATA>');
 lowrite 
---------
      11
(1 row)

SELECT lo_close(:fd);
 lo_close 
----------
        0
(1 row)

END;
BEGIN;
SELECT lo_open(:loid, 262144) AS fd \gset
SELECT convert_from(loread(:fd, 1024), 'UTF8');
             convert_from             
--------------------------------------
 0123456789abcde<ADDEDDATA>qrstuvwxyz
(1 row)

SELECT lo_close(:fd);
 lo_close 
----------
        0
(1 row)

END;
--
-- lo_tell: verify cursor position before and after a write.
-- Expected: position 0 before write, position 11 after writing 11 bytes;
-- content has first 11 chars overwritten by '<ADDEDDATA>'.
--
SELECT lo_creat(-1) AS loid \gset
BEGIN;
SELECT lo_open(:loid, x'60000'::int) AS fd \gset
SELECT lowrite(:fd, '0123456789abcdefghijklmnopqrstuvwxyz');
 lowrite 
---------
      36
(1 row)

SELECT lo_lseek(:fd, 0, 0);
 lo_lseek 
----------
        0
(1 row)

SELECT lo_tell(:fd);
 lo_tell 
---------
       0
(1 row)

SELECT lowrite(:fd, '<ADDEDDATA>');
 lowrite 
---------
      11
(1 row)

SELECT lo_tell(:fd);
 lo_tell 
---------
      11
(1 row)

SELECT lo_close(:fd);
 lo_close 
----------
        0
(1 row)

END;
BEGIN;
SELECT lo_open(:loid, 262144) AS fd \gset
SELECT convert_from(loread(:fd, 1024), 'UTF8');
             convert_from             
--------------------------------------
 <ADDEDDATA>bcdefghijklmnopqrstuvwxyz
(1 row)

SELECT lo_close(:fd);
 lo_close 
----------
        0
(1 row)

END;
--
-- lo_truncate: truncate to 10 bytes, verify only the prefix survives.
-- Expected: only "0123456789" readable after truncation.
--
SELECT lo_creat(-1) AS loid \gset
BEGIN;
SELECT lo_open(:loid, x'60000'::int) AS fd \gset
SELECT lowrite(:fd, '0123456789abcdefghijklmnopqrstuvwxyz');
 lowrite 
---------
      36
(1 row)

SELECT lo_truncate(:fd, 10);
 lo_truncate 
-------------
           0
(1 row)

SELECT lo_close(:fd);
 lo_close 
----------
        0
(1 row)

END;
BEGIN;
SELECT lo_open(:loid, 262144) AS fd \gset
SELECT convert_from(loread(:fd, 1024), 'UTF8');
 convert_from 
--------------
 0123456789
(1 row)

SELECT lo_close(:fd);
 lo_close 
----------
        0
(1 row)

END;
DROP EXTENSION lolor;
-- Check extension upgrade
CREATE EXTENSION lolor VERSION '1.0';
SELECT lo_creat(-1) AS loid \gset
ALTER EXTENSION lolor UPDATE TO '1.2.1';
BEGIN;
SELECT lo_open(:loid, x'60000'::int) AS fd \gset
SELECT lowrite(:fd, 'Example large object');
 lowrite 
---------
      20
(1 row)

END;
ALTER EXTENSION lolor UPDATE TO '1.2.2';
BEGIN;
SELECT lo_open(:loid, 262144) AS fd \gset
SELECT convert_from(loread(:fd, 1024), 'UTF8');
     convert_from     
----------------------
 Example large object
(1 row)

END;
--
-- Basic checks for enable/disable routines.
--
SELECT lolor.enable(); -- ERROR
NOTICE:  lolor still not disabled
 enable 
--------
 f
(1 row)

SELECT lo_from_bytea(1, 'Example large object stored in lolor LO storage');
 lo_from_bytea 
---------------
             1
(1 row)

SELECT lolor.disable();
 disable 
---------
 t
(1 row)

SELECT lo_open(1, 262144); -- 'not found' ERROR
ERROR:  large object 1 does not exist
SELECT lo_from_bytea(2, 'Example large object stored in built-in LO storage');
 lo_from_bytea 
---------------
             2
(1 row)

-- We should see the object
SELECT lolor.enable();
 enable 
--------
 t
(1 row)

SELECT lo_open(2, 262144); -- 'not found' ERROR
ERROR:  large object 2 does not exist
BEGIN;
SELECT lo_open(1, 262144) AS fd \gset
SELECT convert_from(loread(:fd, 1024), 'UTF8'); -- OK, see the object
                  convert_from                   
-------------------------------------------------
 Example large object stored in lolor LO storage
(1 row)

END;
-- To be sure that the behaviour is repeatable
SELECT lolor.disable();
 disable 
---------
 t
(1 row)

SELECT lolor.enable();
 enable 
--------
 t
(1 row)

-- Check that no tails existing after the extension drop in both enabled and
-- disabled states.
DROP EXTENSION lolor;
SELECT oid, proname FROM pg_proc WHERE proname IN ('lo_open_orig',
  'lolor_lo_open');
 oid | proname 
-----+---------
(0 rows)

CREATE EXTENSION lolor;
SELECT lolor.disable();
 disable 
---------
 t
(1 row)

DROP EXTENSION lolor;
SELECT oid, proname FROM pg_proc WHERE proname IN ('lo_open_orig',
  'lolor_lo_open');
 oid | proname 
-----+---------
(0 rows)

